<?xml version="1.0" encoding="UTF-8"?>
<!-- Generated by org.testng.reporters.JUnitReportReporter -->
<testsuite hostname="LTIN236207" failures="0" tests="1" name="userDefinedLibraries.DriverSetup" time="8.570" errors="0" timestamp="2022-03-22T20:30:11 IST" skipped="0">
  <testcase classname="userDefinedLibraries.DriverSetup" name="getWebDriver" time="8.570"/>
  <system-out/>
</testsuite> <!-- userDefinedLibraries.DriverSetup -->
