<?xml version="1.0" encoding="UTF-8"?>
<!-- Generated by org.testng.reporters.JUnitReportReporter -->
<testsuite hostname="LTIN191294" failures="0" tests="31" name="testScenarios.SearchCabs" time="68.754" errors="0" timestamp="2024-02-14T10:41:10 IST" skipped="0">
  <testcase classname="testScenarios.SearchCabs" name="testCaseRex1" time="4.224"/>
  <testcase classname="testScenarios.SearchCabs" name="HandlingLoginAlert" time="1.750"/>
  <testcase classname="testScenarios.SearchCabs" name="MenuSelect" time="0.637"/>
  <testcase classname="testScenarios.SearchCabs" name="SelectOneWayOutstation" time="1.007"/>
  <testcase classname="testScenarios.SearchCabs" name="SelectFromLocation" time="0.317"/>
  <testcase classname="testScenarios.SearchCabs" name="EnterDataInFromLocation" time="3.790"/>
  <testcase classname="testScenarios.SearchCabs" name="EnterDataInToLocation" time="3.547"/>
  <testcase classname="testScenarios.SearchCabs" name="selectDate" time="3.212"/>
  <testcase classname="testScenarios.SearchCabs" name="selectTime" time="0.561"/>
  <testcase classname="testScenarios.SearchCabs" name="clickSearch" time="4.671"/>
  <testcase classname="testScenarios.SearchCabs" name="SelectCarType" time="2.225"/>
  <testcase classname="testScenarios.SearchCabs" name="scrollToCabs" time="0.063"/>
  <testcase classname="testScenarios.SearchCabs" name="carDetails" time="3.560"/>
  <testcase classname="testScenarios.SearchCabs" name="CabsValuesIntoExcel" time="0.534"/>
  <testcase classname="testScenarios.SearchCabs" name="navigateBack" time="2.832"/>
  <testcase classname="testScenarios.SearchCabs" name="navigateGiftCardPage" time="2.283"/>
  <testcase classname="testScenarios.SearchCabs" name="mangingTabs" time="0.070"/>
  <testcase classname="testScenarios.SearchCabs" name="ScrollToGiftCards" time="1.659"/>
  <testcase classname="testScenarios.SearchCabs" name="ClickGiftCard" time="0.719"/>
  <testcase classname="testScenarios.SearchCabs" name="ClickEmailButton" time="1.154"/>
  <testcase classname="testScenarios.SearchCabs" name="ScrollToGiftForm" time="0.091"/>
  <testcase classname="testScenarios.SearchCabs" name="EnterDataGiftForm_XML" time="4.450"/>
  <testcase classname="testScenarios.SearchCabs" name="EnterDataGiftForm_JSON" time="1.292"/>
  <testcase classname="testScenarios.SearchCabs" name="selectBuyNow" time="0.360"/>
  <testcase classname="testScenarios.SearchCabs" name="EmailError" time="0.451"/>
  <testcase classname="testScenarios.SearchCabs" name="ErrorValueIntoExcel" time="0.117"/>
  <testcase classname="testScenarios.SearchCabs" name="SwitchingToDefaultTab" time="0.128"/>
  <testcase classname="testScenarios.SearchCabs" name="ClickHotelsTab" time="0.795"/>
  <testcase classname="testScenarios.SearchCabs" name="ClickRooms" time="1.133"/>
  <testcase classname="testScenarios.SearchCabs" name="CheckAdultsLimit" time="21.062"/>
  <testcase classname="testScenarios.SearchCabs" name="adultsListValuesIntoXml" time="0.060"/>
</testsuite> <!-- testScenarios.SearchCabs -->
